<?xml version="1.0" encoding="UTF-8"?>
<!-- Generated by org.testng.reporters.JUnitXMLReporter -->
<testsuite ignored="0" hostname="DESKTOP-UT1CFVO" failures="0" tests="7" name="Default test" time="231.947" errors="0" timestamp="2023-06-13T10:16:46 IST">
  <testcase classname="main.Main" name="registrationRun" time="25.088"/>
  <testcase classname="main.Main" name="loginRun" time="7.915"/>
  <testcase classname="main.Main" name="profileRun" time="38.253"/>
  <testcase classname="main.Main" name="searchRun" time="99.875"/>
  <testcase classname="main.Main" name="savedJobs" time="13.65"/>
  <testcase classname="main.Main" name="companies" time="16.593"/>
  <testcase classname="main.Main" name="logout" time="7.309"/>
</testsuite> <!-- Default test -->
