<?xml version="1.0" encoding="UTF-8"?>
<testng-results ignored="0" total="3" passed="3" failed="0" skipped="0">
  <reporter-output>
  </reporter-output>
  <suite started-at="2023-06-13T08:30:29 IST" name="Default suite" finished-at="2023-06-13T08:31:24 IST" duration-ms="54787">
    <groups>
      <group name="Logout">
        <method signature="Main.logout()[pri:6, instance:main.Main@6631f5ca]" name="logout" class="main.Main"/>
      </group> <!-- Logout -->
      <group name="Companies">
        <method signature="Main.companies()[pri:5, instance:main.Main@6631f5ca]" name="companies" class="main.Main"/>
      </group> <!-- Companies -->
    </groups>
    <test started-at="2023-06-13T08:30:29 IST" name="Default test" finished-at="2023-06-13T08:31:24 IST" duration-ms="54787">
      <class name="main.Main">
        <test-method is-config="true" signature="beforeTest()[pri:0, instance:main.Main@6631f5ca]" started-at="2023-06-13T08:30:29 IST" name="beforeTest" finished-at="2023-06-13T08:30:33 IST" duration-ms="4025" status="PASS">
          <reporter-output>
          </reporter-output>
        </test-method> <!-- beforeTest -->
        <test-method is-config="true" signature="setUp()[pri:0, instance:main.Main@6631f5ca]" started-at="2023-06-13T08:30:33 IST" name="setUp" finished-at="2023-06-13T08:30:43 IST" duration-ms="9817" status="PASS">
          <reporter-output>
          </reporter-output>
        </test-method> <!-- setUp -->
        <test-method signature="temp()[pri:0, instance:main.Main@6631f5ca]" started-at="2023-06-13T08:30:43 IST" name="temp" finished-at="2023-06-13T08:30:50 IST" duration-ms="7772" status="PASS">
          <reporter-output>
          </reporter-output>
        </test-method> <!-- temp -->
        <test-method signature="companies()[pri:5, instance:main.Main@6631f5ca]" started-at="2023-06-13T08:30:51 IST" name="companies" finished-at="2023-06-13T08:31:07 IST" duration-ms="16727" status="PASS">
          <reporter-output>
          </reporter-output>
        </test-method> <!-- companies -->
        <test-method signature="logout()[pri:6, instance:main.Main@6631f5ca]" started-at="2023-06-13T08:31:07 IST" name="logout" finished-at="2023-06-13T08:31:15 IST" duration-ms="7309" status="PASS">
          <reporter-output>
          </reporter-output>
        </test-method> <!-- logout -->
        <test-method is-config="true" signature="tearDown()[pri:0, instance:main.Main@6631f5ca]" started-at="2023-06-13T08:31:15 IST" name="tearDown" finished-at="2023-06-13T08:31:20 IST" duration-ms="5024" status="PASS">
          <reporter-output>
          </reporter-output>
        </test-method> <!-- tearDown -->
        <test-method is-config="true" signature="afterTest()[pri:0, instance:main.Main@6631f5ca]" started-at="2023-06-13T08:31:20 IST" name="afterTest" finished-at="2023-06-13T08:31:24 IST" duration-ms="4014" status="PASS">
          <reporter-output>
          </reporter-output>
        </test-method> <!-- afterTest -->
      </class> <!-- main.Main -->
    </test> <!-- Default test -->
  </suite> <!-- Default suite -->
</testng-results>
